<?xml version="1.0" encoding="UTF-8"?>
<Site BuildName="Win32-mingw32-make"
	BuildStamp="20240208-0927-Experimental"
	Name="BOOK-CD6TUUEK0K"
	Generator="ctest-3.28.2"
	CompilerName="C:/msys64/mingw64/bin/g++.exe"
	CompilerVersion="13.2.0"
	OSName="Windows"
	Hostname="BOOK-CD6TUUEK0K"
	OSRelease=" Personal"
	OSVersion=" (Build 22631)"
	OSPlatform="AMD64"
	Is64Bits="1"
	VendorString=""
	VendorID="Unknown Manufacturer"
	FamilyID="0"
	ModelID="0"
	ProcessorCacheSize="0"
	NumberOfLogicalCPU="22"
	NumberOfPhysicalCPU="16"
	TotalVirtualMemory="34396"
	TotalPhysicalMemory="32348"
	LogicalProcessorsPerPhysical="1"
	ProcessorClockFrequency="2995"
	>
	<Testing>
		<StartDateTime>Feb 08 01:38 [NON-UTF-8-BYTE-0xC5][NON-UTF-8-BYTE-0xC2][NON-UTF-8-BYTE-0xC6][NON-UTF-8-BYTE-0xF2][NON-UTF-8-BYTE-0xBE][NON-UTF-8-BYTE-0xE7] ǥ[NON-UTF-8-BYTE-0xC1]ؽ[NON-UTF-8-BYTE-0xC3]</StartDateTime>
		<StartTestTime>1707385112</StartTestTime>
		<TestList/>
		<EndDateTime>Feb 08 01:38 [NON-UTF-8-BYTE-0xC5][NON-UTF-8-BYTE-0xC2][NON-UTF-8-BYTE-0xC6][NON-UTF-8-BYTE-0xF2][NON-UTF-8-BYTE-0xBE][NON-UTF-8-BYTE-0xE7] ǥ[NON-UTF-8-BYTE-0xC1]ؽ[NON-UTF-8-BYTE-0xC3]</EndDateTime>
		<EndTestTime>1707385112</EndTestTime>
		<ElapsedMinutes>0</ElapsedMinutes>
	</Testing>
</Site>
